<?xml version="1.0" encoding="UTF-8"?>
<!-- Generated by org.testng.reporters.JUnitReportReporter -->
<testsuite skipped="0" hostname="Admin-PC" name="com.cnqaos.collectionexample.samplecollection2" tests="1" failures="0" timestamp="18 Dec 2018 12:09:09 GMT" time="0.013" errors="0">
  <testcase name="testss" time="0.013" classname="com.cnqaos.collectionexample.samplecollection2"/>
</testsuite> <!-- com.cnqaos.collectionexample.samplecollection2 -->
