<?xml version="1.0" encoding="UTF-8"?>
<!-- Generated by org.testng.reporters.JUnitReportReporter -->
<testsuite skipped="0" hostname="Admin-PC" name="com.cnqaos.collection2.reversestring" tests="1" failures="0" timestamp="10 Jan 2019 12:52:33 GMT" time="0.011" errors="0">
  <testcase name="reve" time="0.011" classname="com.cnqaos.collection2.reversestring"/>
</testsuite> <!-- com.cnqaos.collection2.reversestring -->
