<?xml version="1.0" encoding="UTF-8"?>
<!-- Generated by org.testng.reporters.JUnitReportReporter -->
<testsuite skipped="0" hostname="Admin-PC" name="com.cnqaos.collection2.testtwo" tests="1" failures="0" timestamp="10 Jan 2019 09:29:22 GMT" time="0.008" errors="0">
  <testcase name="teonemain" time="0.008" classname="com.cnqaos.collection2.testtwo"/>
</testsuite> <!-- com.cnqaos.collection2.testtwo -->
